<?xml version="1.0" encoding="UTF-8"?>
<!-- Generated by org.testng.reporters.JUnitReportReporter -->
<testsuite hostname="MacBook-Air" failures="0" tests="5" name="com.interview.Questions.practiseTestClass" time="0.024" errors="0" timestamp="2024-08-09T10:08:57 GMT-04:00" skipped="0">
  <testcase classname="com.interview.Questions.practiseTestClass" name="duplicateNumbers" time="0.002"/>
  <system-out/>
  <testcase classname="com.interview.Questions.practiseTestClass" name="charCount" time="0.012"/>
  <system-out/>
  <testcase classname="com.interview.Questions.practiseTestClass" name="reverseWords" time="0.005"/>
  <system-out/>
  <testcase classname="com.interview.Questions.practiseTestClass" name="duplicateNumbersStartswithOne" time="0.002"/>
  <system-out/>
  <testcase classname="com.interview.Questions.practiseTestClass" name="wordsCount" time="0.003"/>
  <system-out/>
</testsuite> <!-- com.interview.Questions.practiseTestClass -->
